<?xml version="1.0" encoding="UTF-8"?>
<!-- Generated by org.testng.reporters.JUnitReportReporter -->
<testsuite hostname="AGowda" failures="0" tests="1" name="testCases.TC_023_Affiliate" time="16.208" errors="0" timestamp="2023-09-04T19:03:28 CEST" skipped="0">
  <testcase classname="testCases.TC_023_Affiliate" name="test_Newletter" time="16.208"/>
  <system-out/>
</testsuite> <!-- testCases.TC_023_Affiliate -->
