<?xml version="1.0" encoding="UTF-8"?>
<!-- Generated by org.testng.reporters.JUnitReportReporter -->
<testsuite hostname="AGowda" failures="0" tests="1" name="testCases.TC_006_ProductCompare" time="17.163" errors="0" timestamp="2023-09-04T19:03:27 CEST" skipped="0">
  <testcase classname="testCases.TC_006_ProductCompare" name="test_productcompare" time="17.163"/>
  <system-out/>
</testsuite> <!-- testCases.TC_006_ProductCompare -->
