<?xml version="1.0" encoding="UTF-8"?>
<!-- Generated by org.testng.reporters.JUnitReportReporter -->
<testsuite hostname="AGowda" failures="0" tests="1" name="testCases.TC_011_Checkout" time="27.809" errors="0" timestamp="2023-09-04T19:03:27 CEST" skipped="0">
  <testcase classname="testCases.TC_011_Checkout" name="test_checkout" time="27.809"/>
  <system-out/>
</testsuite> <!-- testCases.TC_011_Checkout -->
