<?xml version="1.0" encoding="UTF-8"?>
<!-- Generated by org.testng.reporters.JUnitReportReporter -->
<testsuite hostname="AGowda" failures="0" tests="1" name="testCases.TC_013_MyAccountInformation" time="14.655" errors="0" timestamp="2023-09-04T19:03:28 CEST" skipped="0">
  <testcase classname="testCases.TC_013_MyAccountInformation" name="test_MyAccountInformation" time="14.655"/>
  <system-out/>
</testsuite> <!-- testCases.TC_013_MyAccountInformation -->
