<?xml version="1.0" encoding="UTF-8"?>
<!-- Generated by org.testng.reporters.JUnitReportReporter -->
<testsuite hostname="AGowda" failures="0" tests="1" name="testCases.TC_009_ForgotPassword" time="13.185" errors="0" timestamp="2023-09-04T19:03:27 CEST" skipped="0">
  <testcase classname="testCases.TC_009_ForgotPassword" name="test_forgotpassword" time="13.185"/>
  <system-out/>
</testsuite> <!-- testCases.TC_009_ForgotPassword -->
