<?xml version="1.0" encoding="UTF-8"?>
<!-- Generated by org.testng.reporters.JUnitReportReporter -->
<testsuite hostname="AGowda" failures="0" tests="1" name="testCases.TC_001_AccountRegistration" time="12.037" errors="0" timestamp="2023-09-04T19:03:27 CEST" skipped="0">
  <testcase classname="testCases.TC_001_AccountRegistration" name="test_account_Registration" time="12.037"/>
  <system-out/>
</testsuite> <!-- testCases.TC_001_AccountRegistration -->
