<?xml version="1.0" encoding="UTF-8"?>
<!-- Generated by org.testng.reporters.JUnitReportReporter -->
<testsuite hostname="AGowda" failures="0" tests="1" name="testCases.TC_002_Login" time="9.923" errors="0" timestamp="2023-09-04T19:03:28 CEST" skipped="0">
  <testcase classname="testCases.TC_002_Login" name="test_Login" time="9.923"/>
  <system-out/>
</testsuite> <!-- testCases.TC_002_Login -->
